<?xml version="1.0" encoding="UTF-8"?>
<!-- Generated by org.testng.reporters.JUnitXMLReporter -->
<testsuite hostname="idea-PC" ignored="0" name="Default test" tests="4" failures="0" timestamp="13 Mar 2022 18:23:34 GMT" time="0.081" errors="0">
  <testcase name="second" time="0.016" classname="com.scp.testng.A"/>
  <testcase name="bs" time="0.001" classname="com.scp.testng.A"/>
  <testcase name="aa" time="0.008" classname="com.scp.testng.A"/>
  <testcase name="pa" time="0.0" classname="com.scp.testng.A"/>
</testsuite> <!-- Default test -->
