<?xml version="1.0" encoding="UTF-8"?>
<!-- Generated by org.testng.reporters.JUnitXMLReporter -->
<testsuite hostname="idea-PC" ignored="1" name="Test" tests="6" failures="0" timestamp="01 Mar 2022 20:29:34 GMT" time="0.046" errors="0">
  <testcase name="second" time="0.005" classname="com.scp.testng.A"/>
  <testcase name="EnterCredential" time="0.003" classname="com.scp.testng.Login"/>
  <testcase name="third" time="0.002" classname="com.scp.testng.A"/>
  <testcase name="M" time="0.001" classname="com.scp.testng.C"/>
  <testcase name="first" time="0.001" classname="com.scp.testng.A"/>
  <testcase name="app" time="0.002" classname="com.scp.testng.A"/>
  <testcase name="N" time="0.0" classname="com.scp.testng.C">
    <ignored/>
  </testcase> <!-- N -->
</testsuite> <!-- Test -->
